[debug] [2026-03-02T21:34:09.110Z] ----------------------------------------------------------------------
[debug] [2026-03-02T21:34:09.111Z] Command:       /Users/aj/.nvm/versions/node/v22.22.0/bin/node /Users/aj/.nvm/versions/node/v22.22.0/bin/firebase deploy --only firestore:rules --debug
[debug] [2026-03-02T21:34:09.111Z] CLI Version:   15.8.0
[debug] [2026-03-02T21:34:09.111Z] Platform:      darwin
[debug] [2026-03-02T21:34:09.112Z] Node Version:  v22.22.0
[debug] [2026-03-02T21:34:09.112Z] Time:          Mon Mar 02 2026 16:34:09 GMT-0500 (Eastern Standard Time)
[debug] [2026-03-02T21:34:09.112Z] ----------------------------------------------------------------------
[debug] 
[debug] [2026-03-02T21:34:09.855Z] > command requires scopes: ["email","openid","https://www.googleapis.com/auth/cloudplatformprojects.readonly","https://www.googleapis.com/auth/firebase","https://www.googleapis.com/auth/cloud-platform"]
[debug] [2026-03-02T21:34:09.855Z] > authorizing via signed-in user (anjun.chen13@gmail.com)
[debug] [2026-03-02T21:34:09.855Z] [iam] checking project voluntrack-d38ac for permissions ["datastore.indexes.create","datastore.indexes.delete","datastore.indexes.list","datastore.indexes.update","firebase.projects.get"]
[debug] [2026-03-02T21:34:09.856Z] Checked if tokens are valid: true, expires at: 1772490557310
[debug] [2026-03-02T21:34:09.856Z] Checked if tokens are valid: true, expires at: 1772490557310
[debug] [2026-03-02T21:34:09.856Z] >>> [apiv2][query] POST https://cloudresourcemanager.googleapis.com/v1/projects/voluntrack-d38ac:testIamPermissions [none]
[debug] [2026-03-02T21:34:09.856Z] >>> [apiv2][(partial)header] POST https://cloudresourcemanager.googleapis.com/v1/projects/voluntrack-d38ac:testIamPermissions  x-goog-user-project=voluntrack-d38ac
[debug] [2026-03-02T21:34:09.856Z] >>> [apiv2][body] POST https://cloudresourcemanager.googleapis.com/v1/projects/voluntrack-d38ac:testIamPermissions {"permissions":["datastore.indexes.create","datastore.indexes.delete","datastore.indexes.list","datastore.indexes.update","firebase.projects.get"]}
[debug] [2026-03-02T21:34:10.100Z] <<< [apiv2][status] POST https://cloudresourcemanager.googleapis.com/v1/projects/voluntrack-d38ac:testIamPermissions 403
[debug] [2026-03-02T21:34:10.100Z] <<< [apiv2][body] POST https://cloudresourcemanager.googleapis.com/v1/projects/voluntrack-d38ac:testIamPermissions {"error":{"code":403,"message":"Caller does not have required permission to use project voluntrack-d38ac. Grant the caller the roles/serviceusage.serviceUsageConsumer role, or a custom role with the serviceusage.services.use permission, by visiting https://console.developers.google.com/iam-admin/iam/project?project=voluntrack-d38ac and then retry. Propagation of the new permission may take a few minutes.","status":"PERMISSION_DENIED","details":[{"@type":"type.googleapis.com/google.rpc.ErrorInfo","reason":"USER_PROJECT_DENIED","domain":"googleapis.com","metadata":{"consoleUrl":"https://console.developers.google.com/iam-admin/iam/project?project=voluntrack-d38ac","service":"cloudresourcemanager.googleapis.com","containerInfo":"voluntrack-d38ac","consumer":"projects/voluntrack-d38ac"}},{"@type":"type.googleapis.com/google.rpc.LocalizedMessage","locale":"en-US","message":"Caller does not have required permission to use project voluntrack-d38ac. Grant the caller the roles/serviceusage.serviceUsageConsumer role, or a custom role with the serviceusage.services.use permission, by visiting https://console.developers.google.com/iam-admin/iam/project?project=voluntrack-d38ac and then retry. Propagation of the new permission may take a few minutes."},{"@type":"type.googleapis.com/google.rpc.Help","links":[{"description":"Google developer console IAM admin","url":"https://console.developers.google.com/iam-admin/iam/project?project=voluntrack-d38ac"}]}]}}
[debug] [2026-03-02T21:34:10.101Z] [iam] error while checking permissions, command may fail: Request to https://cloudresourcemanager.googleapis.com/v1/projects/voluntrack-d38ac:testIamPermissions had HTTP Error: 403, Caller does not have required permission to use project voluntrack-d38ac. Grant the caller the roles/serviceusage.serviceUsageConsumer role, or a custom role with the serviceusage.services.use permission, by visiting https://console.developers.google.com/iam-admin/iam/project?project=voluntrack-d38ac and then retry. Propagation of the new permission may take a few minutes.
[info] 
[info] === Deploying to 'voluntrack-d38ac'...
[info] 
[info] i  deploying firestore 
[info] i  firestore: ensuring required API firestore.googleapis.com is enabled... 
[debug] [2026-03-02T21:34:10.103Z] Checked if tokens are valid: true, expires at: 1772490557310
[debug] [2026-03-02T21:34:10.103Z] Checked if tokens are valid: true, expires at: 1772490557310
[debug] [2026-03-02T21:34:10.103Z] >>> [apiv2][query] GET https://serviceusage.googleapis.com/v1/projects/voluntrack-d38ac/services/firestore.googleapis.com [none]
[debug] [2026-03-02T21:34:10.103Z] >>> [apiv2][(partial)header] GET https://serviceusage.googleapis.com/v1/projects/voluntrack-d38ac/services/firestore.googleapis.com  x-goog-user-project=voluntrack-d38ac
[debug] [2026-03-02T21:34:10.395Z] <<< [apiv2][status] GET https://serviceusage.googleapis.com/v1/projects/voluntrack-d38ac/services/firestore.googleapis.com 403
[debug] [2026-03-02T21:34:10.395Z] <<< [apiv2][body] GET https://serviceusage.googleapis.com/v1/projects/voluntrack-d38ac/services/firestore.googleapis.com [omitted]
[error] 
[error] Error: Request to https://serviceusage.googleapis.com/v1/projects/voluntrack-d38ac/services/firestore.googleapis.com had HTTP Error: 403, Caller does not have required permission to use project voluntrack-d38ac. Grant the caller the roles/serviceusage.serviceUsageConsumer role, or a custom role with the serviceusage.services.use permission, by visiting https://console.developers.google.com/iam-admin/iam/project?project=voluntrack-d38ac and then retry. Propagation of the new permission may take a few minutes.
[debug] [2026-03-02T21:34:10.397Z] Error Context: {
  "body": {
    "error": {
      "code": 403,
      "message": "Caller does not have required permission to use project voluntrack-d38ac. Grant the caller the roles/serviceusage.serviceUsageConsumer role, or a custom role with the serviceusage.services.use permission, by visiting https://console.developers.google.com/iam-admin/iam/project?project=voluntrack-d38ac and then retry. Propagation of the new permission may take a few minutes.",
      "status": "PERMISSION_DENIED",
      "details": [
        {
          "@type": "type.googleapis.com/google.rpc.ErrorInfo",
          "reason": "USER_PROJECT_DENIED",
          "domain": "googleapis.com",
          "metadata": {
            "service": "serviceusage.googleapis.com",
            "consoleUrl": "https://console.developers.google.com/iam-admin/iam/project?project=voluntrack-d38ac",
            "containerInfo": "voluntrack-d38ac",
            "consumer": "projects/voluntrack-d38ac"
          }
        },
        {
          "@type": "type.googleapis.com/google.rpc.LocalizedMessage",
          "locale": "en-US",
          "message": "Caller does not have required permission to use project voluntrack-d38ac. Grant the caller the roles/serviceusage.serviceUsageConsumer role, or a custom role with the serviceusage.services.use permission, by visiting https://console.developers.google.com/iam-admin/iam/project?project=voluntrack-d38ac and then retry. Propagation of the new permission may take a few minutes."
        },
        {
          "@type": "type.googleapis.com/google.rpc.Help",
          "links": [
            {
              "description": "Google developer console IAM admin",
              "url": "https://console.developers.google.com/iam-admin/iam/project?project=voluntrack-d38ac"
            }
          ]
        }
      ]
    }
  },
  "response": {
    "statusCode": 403
  }
}
